<?xml version="1.0" encoding="UTF-8"?>
<testsuite name="ListaEnlazadaTest" tests="1" skipped="0" failures="0" errors="0" timestamp="2021-08-10T23:00:06" hostname="DESKTOP-J8VSBNP" time="0.024">
  <properties/>
  <testcase name="sacarUltimo()" classname="ListaEnlazadaTest" time="0.024"/>
  <system-out><![CDATA[]]></system-out>
  <system-err><![CDATA[]]></system-err>
</testsuite>
