<?xml version="1.0" encoding="UTF-8"?>
<testsuite name="ListaEnlazadaTest" tests="7" skipped="0" failures="0" errors="0" timestamp="2021-08-24T23:15:07" hostname="192.168.1.2" time="0.037">
  <properties/>
  <testcase name="agregarElemento()" classname="ListaEnlazadaTest" time="0.026"/>
  <testcase name="alSacarElUltimoElementoLaListaSeReduce()" classname="ListaEnlazadaTest" time="0.002"/>
  <testcase name="obtenerPorIndice()" classname="ListaEnlazadaTest" time="0.0"/>
  <testcase name="obtenerUltimo()" classname="ListaEnlazadaTest" time="0.001"/>
  <testcase name="eliminarDeUnaListaVacia()" classname="ListaEnlazadaTest" time="0.002"/>
  <testcase name="crearListaVacia()" classname="ListaEnlazadaTest" time="0.001"/>
  <testcase name="contieneUnElementoDado()" classname="ListaEnlazadaTest" time="0.002"/>
  <system-out><![CDATA[]]></system-out>
  <system-err><![CDATA[]]></system-err>
</testsuite>
